# JRE version: OpenJDK Runtime Environment Temurin-17.0.14+7 (17.0.14+7) (build 17.0.14+7)
# Java VM: OpenJDK 64-Bit Server VM Temurin-17.0.14+7 (17.0.14+7, mixed mode, tiered, compressed oops, compressed class ptrs, g1 gc, windows-amd64)
GC Precious Log:
 CPUs: 8 total, 8 available
 Memory: 16242M
 Large Page Support: Disabled
 NUMA Support: Disabled
 Compressed Oops: Enabled (32-bit)
 Heap Region Size: 1M
 Heap Min Capacity: 8M
 Heap Initial Capacity: 254M
 Heap Max Capacity: 2G
 Pre-touch: Disabled
 Parallel Workers: 8
 Concurrent Workers: 2
 Concurrent Refinement Workers: 8
 Periodic GC: Disabled
Heap:
 garbage-first heap   total 126976K, used 98675K [0x0000000080000000, 0x0000000100000000)
  region size 1024K, 66 young (67584K), 3 survivors (3072K)
 Metaspace       used 44201K, committed 44736K, reserved 1114112K
  class space    used 4891K, committed 5120K, reserved 1048576K
GC Heap History (20 events):
Event: 1.856 GC heap before
{Heap before GC invocations=2 (full 0):
 garbage-first heap   total 260096K, used 61860K [0x0000000080000000, 0x0000000100000000)
  region size 1024K, 44 young (45056K), 2 survivors (2048K)
 Metaspace       used 16868K, committed 17088K, reserved 1114112K
  class space    used 1573K, committed 1664K, reserved 1048576K
}
Event: 1.861 GC heap after
{Heap after GC invocations=3 (full 0):
 garbage-first heap   total 260096K, used 22859K [0x0000000080000000, 0x0000000100000000)
  region size 1024K, 6 young (6144K), 6 survivors (6144K)
 Metaspace       used 16868K, committed 17088K, reserved 1114112K
  class space    used 1573K, committed 1664K, reserved 1048576K
}
Event: 2.413 GC heap before
{Heap before GC invocations=3 (full 0):
 garbage-first heap   total 260096K, used 56651K [0x0000000080000000, 0x0000000100000000)
  region size 1024K, 40 young (40960K), 6 survivors (6144K)
 Metaspace       used 21335K, committed 21504K, reserved 1114112K
  class space    used 2227K, committed 2304K, reserved 1048576K
}
Event: 2.417 GC heap after
{Heap after GC invocations=4 (full 0):
 garbage-first heap   total 260096K, used 23660K [0x0000000080000000, 0x0000000100000000)
  region size 1024K, 7 young (7168K), 7 survivors (7168K)
 Metaspace       used 21335K, committed 21504K, reserved 1114112K
  class space    used 2227K, committed 2304K, reserved 1048576K
}
Event: 2.716 GC heap before
{Heap before GC invocations=5 (full 0):
 garbage-first heap   total 86016K, used 66668K [0x0000000080000000, 0x0000000100000000)
  region size 1024K, 50 young (51200K), 7 survivors (7168K)
 Metaspace       used 22130K, committed 22400K, reserved 1114112K
  class space    used 2315K, committed 2432K, reserved 1048576K
}
Event: 2.721 GC heap after
{Heap after GC invocations=6 (full 0):
 garbage-first heap   total 86016K, used 24991K [0x0000000080000000, 0x0000000100000000)
  region size 1024K, 8 young (8192K), 8 survivors (8192K)
 Metaspace       used 22130K, committed 22400K, reserved 1114112K
  class space    used 2315K, committed 2432K, reserved 1048576K
}
Event: 3.218 GC heap before
{Heap before GC invocations=6 (full 0):
 garbage-first heap   total 86016K, used 59807K [0x0000000080000000, 0x0000000100000000)
  region size 1024K, 42 young (43008K), 8 survivors (8192K)
 Metaspace       used 24860K, committed 25216K, reserved 1114112K
  class space    used 2602K, committed 2752K, reserved 1048576K
}
Event: 3.224 GC heap after
{Heap after GC invocations=7 (full 0):
 garbage-first heap   total 86016K, used 27149K [0x0000000080000000, 0x0000000100000000)
  region size 1024K, 5 young (5120K), 5 survivors (5120K)
 Metaspace       used 24860K, committed 25216K, reserved 1114112K
  class space    used 2602K, committed 2752K, reserved 1048576K
}
Event: 3.786 GC heap before
{Heap before GC invocations=7 (full 0):
 garbage-first heap   total 86016K, used 61965K [0x0000000080000000, 0x0000000100000000)
  region size 1024K, 39 young (39936K), 5 survivors (5120K)
 Metaspace       used 29016K, committed 29376K, reserved 1114112K
  class space    used 3039K, committed 3200K, reserved 1048576K
}
Event: 3.793 GC heap after
{Heap after GC invocations=8 (full 0):
 garbage-first heap   total 86016K, used 28866K [0x0000000080000000, 0x0000000100000000)
  region size 1024K, 4 young (4096K), 4 survivors (4096K)
 Metaspace       used 29016K, committed 29376K, reserved 1114112K
  class space    used 3039K, committed 3200K, reserved 1048576K
}
Event: 3.938 GC heap before
{Heap before GC invocations=8 (full 0):
 garbage-first heap   total 86016K, used 66754K [0x0000000080000000, 0x0000000100000000)
  region size 1024K, 38 young (38912K), 4 survivors (4096K)
 Metaspace       used 30125K, committed 30464K, reserved 1114112K
  class space    used 3114K, committed 3264K, reserved 1048576K
}
Event: 3.944 GC heap after
{Heap after GC invocations=9 (full 0):
 garbage-first heap   total 106496K, used 29680K [0x0000000080000000, 0x0000000100000000)
  region size 1024K, 3 young (3072K), 3 survivors (3072K)
 Metaspace       used 30125K, committed 30464K, reserved 1114112K
  class space    used 3114K, committed 3264K, reserved 1048576K
}
Event: 4.108 GC heap before
{Heap before GC invocations=9 (full 0):
 garbage-first heap   total 106496K, used 78832K [0x0000000080000000, 0x0000000100000000)
  region size 1024K, 51 young (52224K), 3 survivors (3072K)
 Metaspace       used 30362K, committed 30720K, reserved 1114112K
  class space    used 3147K, committed 3328K, reserved 1048576K
}
Event: 4.113 GC heap after
{Heap after GC invocations=10 (full 0):
 garbage-first heap   total 106496K, used 30830K [0x0000000080000000, 0x0000000100000000)
  region size 1024K, 4 young (4096K), 4 survivors (4096K)
 Metaspace       used 30362K, committed 30720K, reserved 1114112K
  class space    used 3147K, committed 3328K, reserved 1048576K
}
Event: 4.598 GC heap before
{Heap before GC invocations=10 (full 0):
 garbage-first heap   total 106496K, used 84078K [0x0000000080000000, 0x0000000100000000)
  region size 1024K, 56 young (57344K), 4 survivors (4096K)
 Metaspace       used 33722K, committed 34176K, reserved 1114112K
  class space    used 3522K, committed 3712K, reserved 1048576K
}
Event: 4.608 GC heap after
{Heap after GC invocations=11 (full 0):
 garbage-first heap   total 106496K, used 33990K [0x0000000080000000, 0x0000000100000000)
  region size 1024K, 7 young (7168K), 7 survivors (7168K)
 Metaspace       used 33722K, committed 34176K, reserved 1114112K
  class space    used 3522K, committed 3712K, reserved 1048576K
}
Event: 5.131 GC heap before
{Heap before GC invocations=11 (full 0):
 garbage-first heap   total 106496K, used 84166K [0x0000000080000000, 0x0000000100000000)
  region size 1024K, 56 young (57344K), 7 survivors (7168K)
 Metaspace       used 35267K, committed 35712K, reserved 1114112K
  class space    used 3693K, committed 3904K, reserved 1048576K
}
Event: 5.140 GC heap after
{Heap after GC invocations=12 (full 0):
 garbage-first heap   total 106496K, used 36158K [0x0000000080000000, 0x0000000100000000)
  region size 1024K, 6 young (6144K), 6 survivors (6144K)
 Metaspace       used 35267K, committed 35712K, reserved 1114112K
  class space    used 3693K, committed 3904K, reserved 1048576K
}
Event: 5.177 GC heap before
{Heap before GC invocations=12 (full 0):
 garbage-first heap   total 106496K, used 38206K [0x0000000080000000, 0x0000000100000000)
  region size 1024K, 9 young (9216K), 6 survivors (6144K)
 Metaspace       used 35520K, committed 35968K, reserved 1114112K
  class space    used 3732K, committed 3968K, reserved 1048576K
}
Event: 5.183 GC heap after
{Heap after GC invocations=13 (full 0):
 garbage-first heap   total 129024K, used 36211K [0x0000000080000000, 0x0000000100000000)
  region size 1024K, 3 young (3072K), 3 survivors (3072K)
 Metaspace       used 35520K, committed 35968K, reserved 1114112K
  class space    used 3732K, committed 3968K, reserved 1048576K
}

